<?xml version="1.0" encoding="UTF-8"?>
<!-- Generated by org.testng.reporters.JUnitReportReporter -->
<testsuite hostname="LAPTOP-46RMMBRN" failures="0" tests="1" name="CallingAllMethods.AllMethods" time="12.959" errors="0" timestamp="2022-01-15T14:03:07 CST" skipped="0">
  <testcase classname="CallingAllMethods.AllMethods" name="practiceall" time="12.959"/>
  <system-out/>
</testsuite> <!-- CallingAllMethods.AllMethods -->
